\BOOKMARK [0][-]{chapter*.4}{\315ndice de figuras}{}% 1
\BOOKMARK [0][-]{chapter.1}{Introducci\363n}{}% 2
\BOOKMARK [1][-]{section.1.1}{Rob\363tica}{chapter.1}% 3
\BOOKMARK [2][-]{subsection.1.1.1}{Aplicaciones de la rob\363tica}{section.1.1}% 4
\BOOKMARK [1][-]{section.1.2}{Software para robots}{chapter.1}% 5
\BOOKMARK [2][-]{subsection.1.2.1}{Middleware}{section.1.2}% 6
\BOOKMARK [2][-]{subsection.1.2.2}{Bibliotecas}{section.1.2}% 7
\BOOKMARK [2][-]{subsection.1.2.3}{Simuladores}{section.1.2}% 8
\BOOKMARK [1][-]{section.1.3}{Rob\363tica en docencia universitaria}{chapter.1}% 9
\BOOKMARK [2][-]{subsection.1.3.1}{JdeRobot-Academy}{section.1.3}% 10
\BOOKMARK [0][-]{chapter.2}{Objetivos y metodolog\355a}{}% 11
\BOOKMARK [1][-]{section.2.1}{Objetivos}{chapter.2}% 12
\BOOKMARK [1][-]{section.2.2}{Metodolog\355a}{chapter.2}% 13
\BOOKMARK [1][-]{section.2.3}{Plan de trabajo}{chapter.2}% 14
\BOOKMARK [0][-]{chapter.3}{Infraestructura}{}% 15
\BOOKMARK [1][-]{section.3.1}{Simulador Gazebo}{chapter.3}% 16
\BOOKMARK [1][-]{section.3.2}{Entorno JdeRobot}{chapter.3}% 17
\BOOKMARK [1][-]{section.3.3}{Lenguaje de programaci\363n Python}{chapter.3}% 18
\BOOKMARK [1][-]{section.3.4}{Biblioteca OpenCV}{chapter.3}% 19
\BOOKMARK [1][-]{section.3.5}{Bliblioteca PyQt}{chapter.3}% 20
\BOOKMARK [0][-]{chapter.4}{Pr\341ctica: Coche aut\363nomo negocia un cruce}{}% 21
\BOOKMARK [1][-]{section.4.1}{Enunciado}{chapter.4}% 22
\BOOKMARK [1][-]{section.4.2}{Infraestructura desarrollada}{chapter.4}% 23
\BOOKMARK [2][-]{subsection.4.2.1}{Modelo coche Opel}{section.4.2}% 24
\BOOKMARK [2][-]{subsection.4.2.2}{Modelo de coche figurante}{section.4.2}% 25
\BOOKMARK [2][-]{subsection.4.2.3}{Modelo se\361al de STOP}{section.4.2}% 26
\BOOKMARK [2][-]{subsection.4.2.4}{Modelo cruce de carreteras}{section.4.2}% 27
\BOOKMARK [2][-]{subsection.4.2.5}{Mundo de Gazebo}{section.4.2}% 28
\BOOKMARK [1][-]{section.4.3}{Nodo acad\351mico}{chapter.4}% 29
\BOOKMARK [2][-]{subsection.4.3.1}{Interfaz de acceso al hardware}{section.4.3}% 30
\BOOKMARK [2][-]{subsection.4.3.2}{Fichero de configuraci\363n}{section.4.3}% 31
\BOOKMARK [2][-]{subsection.4.3.3}{Interfaz gr\341fica}{section.4.3}% 32
\BOOKMARK [1][-]{section.4.4}{Soluci\363n de referencia}{chapter.4}% 33
\BOOKMARK [2][-]{subsection.4.4.1}{Reconocimiento de la se\361al de STOP y frenado del coche}{section.4.4}% 34
\BOOKMARK [2][-]{subsection.4.4.2}{Detecci\363n de otros coches}{section.4.4}% 35
\BOOKMARK [2][-]{subsection.4.4.3}{Realizaci\363n del giro}{section.4.4}% 36
\BOOKMARK [1][-]{section.4.5}{Experimentaci\363n}{chapter.4}% 37
\BOOKMARK [0][-]{chapter.5}{Pr\341ctica: Aspiradora aut\363noma con autolocalizaci\363n}{}% 38
\BOOKMARK [1][-]{section.5.1}{Enunciado}{chapter.5}% 39
\BOOKMARK [1][-]{section.5.2}{Infraestructura}{chapter.5}% 40
\BOOKMARK [2][-]{subsection.5.2.1}{Modelo Roomba}{section.5.2}% 41
\BOOKMARK [2][-]{subsection.5.2.2}{Modelo house\137int2}{section.5.2}% 42
\BOOKMARK [2][-]{subsection.5.2.3}{Mundo de Gazebo}{section.5.2}% 43
\BOOKMARK [1][-]{section.5.3}{Nodo acad\351mico}{chapter.5}% 44
\BOOKMARK [2][-]{subsection.5.3.1}{Interfaz de acceso al hardware}{section.5.3}% 45
\BOOKMARK [2][-]{subsection.5.3.2}{Fichero de configuraci\363n}{section.5.3}% 46
\BOOKMARK [2][-]{subsection.5.3.3}{Interfaz gr\341fica}{section.5.3}% 47
\BOOKMARK [1][-]{section.5.4}{Soluci\363n de referencia}{chapter.5}% 48
\BOOKMARK [2][-]{subsection.5.4.1}{Planificaci\363n de la ruta}{section.5.4}% 49
\BOOKMARK [3][-]{subsubsection.5.4.1.1}{Ruta de retorno}{subsection.5.4.1}% 50
\BOOKMARK [2][-]{subsection.5.4.2}{Pilotaje del robot}{section.5.4}% 51
\BOOKMARK [1][-]{section.5.5}{Evaluador autom\341tico}{chapter.5}% 52
\BOOKMARK [1][-]{section.5.6}{Experimentaci\363n}{chapter.5}% 53
\BOOKMARK [2][-]{subsection.5.6.1}{Ejecuci\363n t\355pica}{section.5.6}% 54
\BOOKMARK [2][-]{subsection.5.6.2}{Experimentos de larga duraci\363n}{section.5.6}% 55
\BOOKMARK [2][-]{subsection.5.6.3}{Inicio en distintos puntos de la casa}{section.5.6}% 56
\BOOKMARK [0][-]{chapter.6}{Conclusiones}{}% 57
\BOOKMARK [1][-]{section.6.1}{Conclusiones}{chapter.6}% 58
\BOOKMARK [1][-]{section.6.2}{Trabajos futuros}{chapter.6}% 59
\BOOKMARK [0][-]{chapter*.53}{Bibliograf\355a}{}% 60
