\BOOKMARK [0][-]{chapter*.4}{\315ndice de figuras}{}% 1
\BOOKMARK [0][-]{chapter*.5}{\315ndice de tablas}{}% 2
\BOOKMARK [0][-]{chapter*.7}{Acr\363nimos}{}% 3
\BOOKMARK [0][-]{chapter.1}{Introducci\363n}{}% 4
\BOOKMARK [1][-]{section.1.1}{Rob\363tica}{chapter.1}% 5
\BOOKMARK [2][-]{subsection.1.1.1}{Historia de la rob\363tica}{section.1.1}% 6
\BOOKMARK [2][-]{subsection.1.1.2}{Aplicaciones de la rob\363tica}{section.1.1}% 7
\BOOKMARK [2][-]{subsection.1.1.3}{Clasificaci\363n de robots}{section.1.1}% 8
\BOOKMARK [1][-]{section.1.2}{Software para robots}{chapter.1}% 9
\BOOKMARK [2][-]{subsection.1.2.1}{Middleware}{section.1.2}% 10
\BOOKMARK [2][-]{subsection.1.2.2}{Bibliotecas}{section.1.2}% 11
\BOOKMARK [2][-]{subsection.1.2.3}{Simuladores}{section.1.2}% 12
\BOOKMARK [1][-]{section.1.3}{Rob\363tica en docencia}{chapter.1}% 13
\BOOKMARK [2][-]{subsection.1.3.1}{Rob\363tica en primaria y secundaria}{section.1.3}% 14
\BOOKMARK [2][-]{subsection.1.3.2}{Rob\363tica en universidades}{section.1.3}% 15
\BOOKMARK [1][-]{section.1.4}{JdeRobot-Academy}{chapter.1}% 16
\BOOKMARK [0][-]{chapter.2}{Objetivos y metodolog\355a}{}% 17
\BOOKMARK [1][-]{section.2.1}{Objetivos}{chapter.2}% 18
\BOOKMARK [1][-]{section.2.2}{Metodolog\355a}{chapter.2}% 19
\BOOKMARK [1][-]{section.2.3}{Plan de trabajo}{chapter.2}% 20
\BOOKMARK [0][-]{chapter.3}{Infraestructura}{}% 21
\BOOKMARK [1][-]{section.3.1}{Simulador Gazebo}{chapter.3}% 22
\BOOKMARK [1][-]{section.3.2}{Entorno JdeRobot}{chapter.3}% 23
\BOOKMARK [1][-]{section.3.3}{Lenguaje de programaci\363n Python}{chapter.3}% 24
\BOOKMARK [1][-]{section.3.4}{Biblioteca OpenCV}{chapter.3}% 25
\BOOKMARK [1][-]{section.3.5}{PyQt}{chapter.3}% 26
\BOOKMARK [0][-]{chapter.4}{Pr\341ctica: Reconocimiento de la se\361al Stop}{}% 27
\BOOKMARK [1][-]{section.4.1}{Enunciado}{chapter.4}% 28
\BOOKMARK [1][-]{section.4.2}{Infraestructura}{chapter.4}% 29
\BOOKMARK [2][-]{subsection.4.2.1}{Modelo coche Opel}{section.4.2}% 30
\BOOKMARK [3][-]{subsubsection.4.2.1.1}{C\341maras de v\355deo}{subsection.4.2.1}% 31
\BOOKMARK [2][-]{subsection.4.2.2}{Modelo car}{section.4.2}% 32
\BOOKMARK [2][-]{subsection.4.2.3}{Modelo stop\137sign}{section.4.2}% 33
\BOOKMARK [2][-]{subsection.4.2.4}{Modelo StopW}{section.4.2}% 34
\BOOKMARK [2][-]{subsection.4.2.5}{Mundo de Gazebo}{section.4.2}% 35
\BOOKMARK [1][-]{section.4.3}{Componente acad\351mico}{chapter.4}% 36
\BOOKMARK [2][-]{subsection.4.3.1}{Interfaz gr\341fica}{section.4.3}% 37
\BOOKMARK [1][-]{section.4.4}{Soluci\363n de referencia}{chapter.4}% 38
\BOOKMARK [2][-]{subsection.4.4.1}{Reconocimiento de la se\361al de stop y frenado del coche}{section.4.4}% 39
\BOOKMARK [2][-]{subsection.4.4.2}{Detecci\363n de otros coches}{section.4.4}% 40
\BOOKMARK [2][-]{subsection.4.4.3}{Realizaci\363n del giro}{section.4.4}% 41
\BOOKMARK [1][-]{section.4.5}{Experimentaci\363n}{chapter.4}% 42
\BOOKMARK [2][-]{subsection.4.5.1}{Ejecuci\363n t\355pica}{section.4.5}% 43
\BOOKMARK [0][-]{chapter.5}{Pr\341ctica: Aspiradora aut\363noma \(con autolocalizaci\363n\)}{}% 44
\BOOKMARK [0][-]{chapter.6}{Conclusiones}{}% 45
\BOOKMARK [0][-]{chapter*.41}{Bibliograf\355a}{}% 46
